<?xml version="1.0" encoding="UTF-8"?>
<!-- Generated by org.testng.reporters.JUnitXMLReporter -->
<testsuite hostname="Quilat-PC" ignored="0" tests="4" failures="0" timestamp="2021-05-18T23:46:09 SGT" time="5.796" errors="0">
  <testcase name="testdelete" time="3.331" classname="testAPI"/>
  <testcase name="testget" time="0.481" classname="testAPI"/>
  <testcase name="testpatch" time="0.986" classname="testAPI"/>
  <testcase name="testpost" time="0.953" classname="testAPI"/>
</testsuite>
